[18:38:16] [main/INFO]: Setting user: Player593
[18:38:23] [Client thread/INFO]: LWJGL Version: 2.9.1
[18:38:31] [Client thread/INFO]: Reloading ResourceManager: Default, FMLFileResourcePack:Forge Mod Loader, FMLFileResourcePack:Minecraft Forge, FMLFileResourcePack:Learning to Mod
[18:38:31] [Client thread/WARN]: ResourcePack: ignored non-lowercase namespace: %s in %s
[18:38:32] [Sound Library Loader/INFO]: Sound engine started
[18:38:43] [Client thread/INFO]: Created: 512x256 textures/blocks-atlas
[18:38:43] [Client thread/INFO]: Created: 256x256 textures/items-atlas
[18:38:44] [Client thread/INFO]: Reloading ResourceManager: Default, FMLFileResourcePack:Forge Mod Loader, FMLFileResourcePack:Minecraft Forge, FMLFileResourcePack:Learning to Mod
[18:38:45] [Client thread/WARN]: ResourcePack: ignored non-lowercase namespace: %s in %s
[18:38:45] [Client thread/INFO]: Created: 512x256 textures/blocks-atlas
[18:38:45] [Client thread/INFO]: Created: 256x256 textures/items-atlas
[18:38:46] [Sound Library Loader/INFO]: Sound engine started
[18:42:14] [main/INFO]: Setting user: Player656
[18:42:20] [Client thread/INFO]: LWJGL Version: 2.9.1
[18:42:28] [Client thread/INFO]: Reloading ResourceManager: Default, FMLFileResourcePack:Forge Mod Loader, FMLFileResourcePack:Minecraft Forge, FMLFileResourcePack:Learning to Mod
[18:42:28] [Client thread/WARN]: ResourcePack: ignored non-lowercase namespace: %s in %s
[18:42:29] [Sound Library Loader/INFO]: Sound engine started
[18:42:43] [Client thread/INFO]: Created: 512x256 textures/blocks-atlas
[18:42:43] [Client thread/INFO]: Created: 256x256 textures/items-atlas
[18:42:44] [Client thread/INFO]: Reloading ResourceManager: Default, FMLFileResourcePack:Forge Mod Loader, FMLFileResourcePack:Minecraft Forge, FMLFileResourcePack:Learning to Mod
[18:42:45] [Client thread/WARN]: ResourcePack: ignored non-lowercase namespace: %s in %s
[18:42:45] [Client thread/INFO]: Created: 512x256 textures/blocks-atlas
[18:42:45] [Client thread/INFO]: Created: 256x256 textures/items-atlas
[18:42:46] [Sound Library Loader/INFO]: Sound engine started
[18:43:05] [Client thread/INFO]: Stopping!
